UNIT                                                                                     LOAD   ACTIVE SUB       DESCRIPTION
proc-sys-fs-binfmt_misc.automount                                                        loaded active waiting   Arbitrary Executable File Formats File System Automount Point
sys-devices-pci0000:00-0000:00:0e.0-sound-card0.device                                   loaded active plugged   Celeron N3350/Pentium N4200/Atom E3900 Series Audio Cluster
sys-devices-pci0000:00-0000:00:12.0-ata1-host0-target0:0:0-0:0:0:0-block-sda-sda1.device loaded active plugged   mSATA_mini_3ME3 1
sys-devices-pci0000:00-0000:00:12.0-ata1-host0-target0:0:0-0:0:0:0-block-sda-sda2.device loaded active plugged   mSATA_mini_3ME3 2
sys-devices-pci0000:00-0000:00:12.0-ata1-host0-target0:0:0-0:0:0:0-block-sda.device      loaded active plugged   mSATA_mini_3ME3
sys-devices-pci0000:00-0000:00:13.0-0000:01:00.0-net-enp1s0.device                       loaded active plugged   I210 Gigabit Network Connection
sys-devices-pci0000:00-0000:00:13.3-0000:02:00.0-net-enp2s0.device                       loaded active plugged   I210 Gigabit Network Connection
sys-devices-pci0000:00-0000:00:14.0-0000:03:00.0-net-enp3s0.device                       loaded active plugged   I210 Gigabit Network Connection
sys-devices-pnp0-00:01-tty-ttyS0.device                                                  loaded active plugged   /sys/devices/pnp0/00:01/tty/ttyS0
sys-devices-pnp0-00:02-tty-ttyS1.device                                                  loaded active plugged   /sys/devices/pnp0/00:02/tty/ttyS1
sys-devices-pnp0-00:03-tty-ttyS2.device                                                  loaded active plugged   /sys/devices/pnp0/00:03/tty/ttyS2
sys-devices-pnp0-00:04-tty-ttyS3.device                                                  loaded active plugged   /sys/devices/pnp0/00:04/tty/ttyS3
sys-devices-virtual-block-dm\x2d0.device                                                 loaded active plugged   /sys/devices/virtual/block/dm-0
sys-devices-virtual-block-dm\x2d1.device                                                 loaded active plugged   /sys/devices/virtual/block/dm-1
sys-devices-virtual-block-dm\x2d2.device                                                 loaded active plugged   /sys/devices/virtual/block/dm-2
sys-module-configfs.device                                                               loaded active plugged   /sys/module/configfs
sys-subsystem-net-devices-enp1s0.device                                                  loaded active plugged   I210 Gigabit Network Connection
sys-subsystem-net-devices-enp2s0.device                                                  loaded active plugged   I210 Gigabit Network Connection
sys-subsystem-net-devices-enp3s0.device                                                  loaded active plugged   I210 Gigabit Network Connection
-.mount                                                                                  loaded active mounted   /
boot.mount                                                                               loaded active mounted   /boot
dev-hugepages.mount                                                                      loaded active mounted   Huge Pages File System
dev-mqueue.mount                                                                         loaded active mounted   POSIX Message Queue File System
epics.mount                                                                              loaded active mounted   /epics
home.mount                                                                               loaded active mounted   /home
run-user-0.mount                                                                         loaded active mounted   /run/user/0
run-user-1768604653.mount                                                                loaded active mounted   /run/user/1768604653
sys-kernel-config.mount                                                                  loaded active mounted   Configuration File System
sys-kernel-debug.mount                                                                   loaded active mounted   Debug File System
var-lib-nfs-rpc_pipefs.mount                                                             loaded active mounted   RPC Pipe File System
systemd-ask-password-console.path                                                        loaded active waiting   Dispatch Password Requests to Console Directory Watch
systemd-ask-password-wall.path                                                           loaded active waiting   Forward Password Requests to Wall Directory Watch
session-1.scope                                                                          loaded active running   Session 1 of user anderssandstrom
session-12.scope                                                                         loaded active abandoned Session 12 of user root
session-4.scope                                                                          loaded active running   Session 4 of user anderssandstrom
acpid.service                                                                            loaded active running   ACPI Event Daemon
auditd.service                                                                           loaded active running   Security Auditing Service
chronyd.service                                                                          loaded active running   NTP client/server
crond.service                                                                            loaded active running   Command Scheduler
dbus.service                                                                             loaded active running   D-Bus System Message Bus
dkms.service                                                                             loaded active exited    Builds and install new kernel modules through DKMS
ethercat.service                                                                         loaded active exited    EtherCAT Master Kernel Modules
getty@tty1.service                                                                       loaded active running   Getty on tty1
gssproxy.service                                                                         loaded active running   GSSAPI Proxy Daemon
kmod-static-nodes.service                                                                loaded active exited    Create list of required static device nodes for the current kernel
lvm2-lvmetad.service                                                                     loaded active running   LVM2 metadata daemon
lvm2-monitor.service                                                                     loaded active exited    Monitoring of LVM2 mirrors, snapshots etc. using dmeventd or progress polling
lvm2-pvscan@8:2.service                                                                  loaded active exited    LVM2 PV scan on device 8:2
network.service                                                                          loaded active running   LSB: Bring up/down networking
node_exporter.service                                                                    loaded active running   Prometheus Node Exporter
oddjobd.service                                                                          loaded active running   privileged operations for unprivileged applications
polkit.service                                                                           loaded active running   Authorization Manager
rhel-dmesg.service                                                                       loaded active exited    Dump dmesg to /var/log/dmesg
rhel-domainname.service                                                                  loaded active exited    Read and set NIS domainname from /etc/sysconfig/network
rhel-import-state.service                                                                loaded active exited    Import network configuration from initramfs
rhel-readonly.service                                                                    loaded active exited    Configure read-only root support
rpcbind.service                                                                          loaded active running   RPC bind service
sshd.service                                                                             loaded active running   OpenSSH server daemon
sssd.service                                                                             loaded active running   System Security Services Daemon
syslog-ng.service                                                                        loaded active running   System Logger Daemon
systemd-journal-flush.service                                                            loaded active exited    Flush Journal to Persistent Storage
systemd-journald.service                                                                 loaded active running   Journal Service
systemd-logind.service                                                                   loaded active running   Login Service
systemd-random-seed.service                                                              loaded active exited    Load/Save Random Seed
systemd-readahead-collect.service                                                        loaded active exited    Collect Read-Ahead Data
systemd-readahead-replay.service                                                         loaded active exited    Replay Read-Ahead Data
systemd-remount-fs.service                                                               loaded active exited    Remount Root and Kernel File Systems
systemd-sysctl.service                                                                   loaded active exited    Apply Kernel Variables
systemd-tmpfiles-setup-dev.service                                                       loaded active exited    Create Static Device Nodes in /dev
systemd-tmpfiles-setup.service                                                           loaded active exited    Create Volatile Files and Directories
systemd-udev-trigger.service                                                             loaded active exited    udev Coldplug all Devices
systemd-udevd.service                                                                    loaded active running   udev Kernel Device Manager
systemd-update-utmp.service                                                              loaded active exited    Update UTMP about System Boot/Shutdown
systemd-user-sessions.service                                                            loaded active exited    Permit User Sessions
systemd-vconsole-setup.service                                                           loaded active exited    Setup Virtual Console
tuned.service                                                                            loaded active running   Dynamic System Tuning Daemon
-.slice                                                                                  loaded active active    Root Slice
system-getty.slice                                                                       loaded active active    system-getty.slice
system-lvm2\x2dpvscan.slice                                                              loaded active active    system-lvm2\x2dpvscan.slice
system-selinux\x2dpolicy\x2dmigrate\x2dlocal\x2dchanges.slice                            loaded active active    system-selinux\x2dpolicy\x2dmigrate\x2dlocal\x2dchanges.slice
system.slice                                                                             loaded active active    System Slice
user-0.slice                                                                             loaded active active    User Slice of root
user-1768604653.slice                                                                    loaded active active    User Slice of anderssandstrom
user.slice                                                                               loaded active active    User and Session Slice
dbus.socket                                                                              loaded active running   D-Bus System Message Bus Socket
dm-event.socket                                                                          loaded active listening Device-mapper event daemon FIFOs
lvm2-lvmetad.socket                                                                      loaded active running   LVM2 metadata daemon socket
lvm2-lvmpolld.socket                                                                     loaded active listening LVM2 poll daemon socket
rpcbind.socket                                                                           loaded active running   RPCbind Server Activation Socket
systemd-initctl.socket                                                                   loaded active listening /dev/initctl Compatibility Named Pipe
systemd-journald.socket                                                                  loaded active running   Journal Socket
systemd-shutdownd.socket                                                                 loaded active listening Delayed Shutdown Socket
systemd-udevd-control.socket                                                             loaded active running   udev Control Socket
systemd-udevd-kernel.socket                                                              loaded active running   udev Kernel Socket
dev-mapper-centos_test\x2d\x2dipc\x2d\x2dwp12\x2d\x2d01\x2dswap.swap                     loaded active active    /dev/mapper/centos_test--ipc--wp12--01-swap
basic.target                                                                             loaded active active    Basic System
cryptsetup.target                                                                        loaded active active    Local Encrypted Volumes
getty.target                                                                             loaded active active    Login Prompts
local-fs-pre.target                                                                      loaded active active    Local File Systems (Pre)
local-fs.target                                                                          loaded active active    Local File Systems
multi-user.target                                                                        loaded active active    Multi-User System
network-online.target                                                                    loaded active active    Network is Online
network.target                                                                           loaded active active    Network
nfs-client.target                                                                        loaded active active    NFS client services
nss-user-lookup.target                                                                   loaded active active    User and Group Name Lookups
paths.target                                                                             loaded active active    Paths
remote-fs-pre.target                                                                     loaded active active    Remote File Systems (Pre)
remote-fs.target                                                                         loaded active active    Remote File Systems
rpc_pipefs.target                                                                        loaded active active    rpc_pipefs.target
rpcbind.target                                                                           loaded active active    RPC Port Mapper
slices.target                                                                            loaded active active    Slices
sockets.target                                                                           loaded active active    Sockets
sound.target                                                                             loaded active active    Sound Card
swap.target                                                                              loaded active active    Swap
sysinit.target                                                                           loaded active active    System Initialization
timers.target                                                                            loaded active active    Timers
systemd-readahead-done.timer                                                             loaded active elapsed   Stop Read-Ahead Data Collection 10s After Completed Startup
systemd-tmpfiles-clean.timer                                                             loaded active waiting   Daily Cleanup of Temporary Directories

LOAD   = Reflects whether the unit definition was properly loaded.
ACTIVE = The high-level unit activation state, i.e. generalization of SUB.
SUB    = The low-level unit activation state, values depend on unit type.

118 loaded units listed. Pass --all to see loaded but inactive units, too.
To show all installed unit files use 'systemctl list-unit-files'.
